<?xml version="1.0" encoding="UTF-8"?>
<testsuite xmlns:xsi="http://www.w3.org/2001/XMLSchema-instance" xsi:noNamespaceSchemaLocation="https://maven.apache.org/surefire/maven-surefire-plugin/xsd/surefire-test-report.xsd" name="com.example.demo.controllers.LabelsControllerTest" time="0.392" tests="5" errors="0" skipped="0" failures="0">
  <properties>
[...]
</properties>
  <testcase name="createLabel_labelAlreadyExist_returnExistingLabel" classname="com.example.demo.controllers.LabelsControllerTest" time="0.023"/>
  <testcase name="listLabel" classname="com.example.demo.controllers.LabelsControllerTest" time="0.016"/>
  <testcase name="deleteLabel" classname="com.example.demo.controllers.LabelsControllerTest" time="0.005"/>
  <testcase name="listSingleLabel" classname="com.example.demo.controllers.LabelsControllerTest" time="0.005"/>
  <testcase name="createLabel_labelDoesNotExist_returnNewLabel" classname="com.example.demo.controllers.LabelsControllerTest" time="0.006"/>
</testsuite>